This file contains any messages produced by compilers while
running configure, to aid debugging if configure makes a mistake.

It was created by autodock configure 4.0.1, which was
generated by GNU Autoconf 2.69.  Invocation command line was

  $ ./configure --enable-cuda --with-cuda=/pkgs/nvidia-cuda/5.5

## --------- ##
## Platform. ##
## --------- ##

hostname = erect-crested
uname -m = x86_64
uname -r = 3.13.0-55-generic
uname -s = Linux
uname -v = #92-Ubuntu SMP Sun Jun 14 18:32:20 UTC 2015

/usr/bin/uname -p = unknown
/bin/uname -X     = unknown

/bin/arch              = unknown
/usr/bin/arch -k       = unknown
/usr/convex/getsysinfo = unknown
/usr/bin/hostinfo      = unknown
/bin/machine           = unknown
/usr/bin/oslevel       = unknown
/bin/universe          = unknown

PATH: /pkgs/java/jdk1.8.0/bin
PATH: /usr/local/sbin
PATH: /usr/local/bin
PATH: /usr/sbin
PATH: /usr/bin
PATH: /sbin
PATH: /bin
PATH: /usr/games
PATH: /usr/local/games
PATH: /pkgs/nvidia-cuda/5.5/bin


## ----------- ##
## Core tests. ##
## ----------- ##

configure:2314: checking for a BSD-compatible install
configure:2382: result: /usr/bin/install -c
configure:2393: checking whether build environment is sane
configure:2430: result: yes
configure:2455: checking for a thread-safe mkdir -p
configure:2494: result: /bin/mkdir -p
configure:2507: checking for gawk
configure:2523: found /usr/bin/gawk
configure:2534: result: gawk
configure:2545: checking whether make sets $(MAKE)
configure:2567: result: yes
configure:2758: checking for gawk
configure:2785: result: gawk
configure:2857: checking for g++
configure:2873: found /usr/bin/g++
configure:2884: result: g++
configure:2911: checking for C++ compiler version
configure:2920: g++ --version >&5
g++ (Ubuntu 4.8.2-19ubuntu1) 4.8.2
Copyright (C) 2013 Free Software Foundation, Inc.
This is free software; see the source for copying conditions.  There is NO
warranty; not even for MERCHANTABILITY or FITNESS FOR A PARTICULAR PURPOSE.

configure:2931: $? = 0
configure:2920: g++ -v >&5
Using built-in specs.
COLLECT_GCC=g++
COLLECT_LTO_WRAPPER=/usr/lib/gcc/x86_64-linux-gnu/4.8/lto-wrapper
Target: x86_64-linux-gnu
Configured with: ../src/configure -v --with-pkgversion='Ubuntu 4.8.2-19ubuntu1' --with-bugurl=file:///usr/share/doc/gcc-4.8/README.Bugs --enable-languages=c,c++,java,go,d,fortran,objc,obj-c++ --prefix=/usr --program-suffix=-4.8 --enable-shared --enable-linker-build-id --libexecdir=/usr/lib --without-included-gettext --enable-threads=posix --with-gxx-include-dir=/usr/include/c++/4.8 --libdir=/usr/lib --enable-nls --with-sysroot=/ --enable-clocale=gnu --enable-libstdcxx-debug --enable-libstdcxx-time=yes --enable-gnu-unique-object --disable-libmudflap --enable-plugin --with-system-zlib --disable-browser-plugin --enable-java-awt=gtk --enable-gtk-cairo --with-java-home=/usr/lib/jvm/java-1.5.0-gcj-4.8-amd64/jre --enable-java-home --with-jvm-root-dir=/usr/lib/jvm/java-1.5.0-gcj-4.8-amd64 --with-jvm-jar-dir=/usr/lib/jvm-exports/java-1.5.0-gcj-4.8-amd64 --with-arch-directory=amd64 --with-ecj-jar=/usr/share/java/eclipse-ecj.jar --enable-objc-gc --enable-multiarch --disable-werror --with-arch-32=i686 --with-abi=m64 --with-multilib-list=m32,m64,mx32 --with-tune=generic --enable-checking=release --build=x86_64-linux-gnu --host=x86_64-linux-gnu --target=x86_64-linux-gnu
Thread model: posix
gcc version 4.8.2 (Ubuntu 4.8.2-19ubuntu1) 
configure:2931: $? = 0
configure:2920: g++ -V >&5
g++: error: unrecognized command line option '-V'
g++: fatal error: no input files
compilation terminated.
configure:2931: $? = 4
configure:2920: g++ -qversion >&5
g++: error: unrecognized command line option '-qversion'
g++: fatal error: no input files
compilation terminated.
configure:2931: $? = 4
configure:2951: checking whether the C++ compiler works
configure:2973: g++    conftest.cpp  >&5
configure:2977: $? = 0
configure:3025: result: yes
configure:3028: checking for C++ compiler default output file name
configure:3030: result: a.out
configure:3036: checking for suffix of executables
configure:3043: g++ -o conftest    conftest.cpp  >&5
configure:3047: $? = 0
configure:3069: result: 
configure:3091: checking whether we are cross compiling
configure:3099: g++ -o conftest    conftest.cpp  >&5
configure:3103: $? = 0
configure:3110: ./conftest
configure:3114: $? = 0
configure:3129: result: no
configure:3134: checking for suffix of object files
configure:3156: g++ -c   conftest.cpp >&5
configure:3160: $? = 0
configure:3181: result: o
configure:3185: checking whether we are using the GNU C++ compiler
configure:3204: g++ -c   conftest.cpp >&5
configure:3204: $? = 0
configure:3213: result: yes
configure:3222: checking whether g++ accepts -g
configure:3242: g++ -c -g  conftest.cpp >&5
configure:3242: $? = 0
configure:3283: result: yes
configure:3317: checking for style of include used by make
configure:3345: result: GNU
configure:3370: checking dependency style of g++
configure:3461: result: gcc3
configure:3522: checking for ranlib
configure:3538: found /usr/bin/ranlib
configure:3549: result: ranlib
configure:3576: checking build system type
configure:3590: result: x86_64-unknown-linux-gnu
configure:3610: checking host system type
configure:3623: result: x86_64-unknown-linux-gnu
configure:3693: checking for gcc
configure:3709: found /usr/bin/gcc
configure:3720: result: gcc
configure:3949: checking for C compiler version
configure:3958: gcc --version >&5
gcc (Ubuntu 4.8.2-19ubuntu1) 4.8.2
Copyright (C) 2013 Free Software Foundation, Inc.
This is free software; see the source for copying conditions.  There is NO
warranty; not even for MERCHANTABILITY or FITNESS FOR A PARTICULAR PURPOSE.

configure:3969: $? = 0
configure:3958: gcc -v >&5
Using built-in specs.
COLLECT_GCC=gcc
COLLECT_LTO_WRAPPER=/usr/lib/gcc/x86_64-linux-gnu/4.8/lto-wrapper
Target: x86_64-linux-gnu
Configured with: ../src/configure -v --with-pkgversion='Ubuntu 4.8.2-19ubuntu1' --with-bugurl=file:///usr/share/doc/gcc-4.8/README.Bugs --enable-languages=c,c++,java,go,d,fortran,objc,obj-c++ --prefix=/usr --program-suffix=-4.8 --enable-shared --enable-linker-build-id --libexecdir=/usr/lib --without-included-gettext --enable-threads=posix --with-gxx-include-dir=/usr/include/c++/4.8 --libdir=/usr/lib --enable-nls --with-sysroot=/ --enable-clocale=gnu --enable-libstdcxx-debug --enable-libstdcxx-time=yes --enable-gnu-unique-object --disable-libmudflap --enable-plugin --with-system-zlib --disable-browser-plugin --enable-java-awt=gtk --enable-gtk-cairo --with-java-home=/usr/lib/jvm/java-1.5.0-gcj-4.8-amd64/jre --enable-java-home --with-jvm-root-dir=/usr/lib/jvm/java-1.5.0-gcj-4.8-amd64 --with-jvm-jar-dir=/usr/lib/jvm-exports/java-1.5.0-gcj-4.8-amd64 --with-arch-directory=amd64 --with-ecj-jar=/usr/share/java/eclipse-ecj.jar --enable-objc-gc --enable-multiarch --disable-werror --with-arch-32=i686 --with-abi=m64 --with-multilib-list=m32,m64,mx32 --with-tune=generic --enable-checking=release --build=x86_64-linux-gnu --host=x86_64-linux-gnu --target=x86_64-linux-gnu
Thread model: posix
gcc version 4.8.2 (Ubuntu 4.8.2-19ubuntu1) 
configure:3969: $? = 0
configure:3958: gcc -V >&5
gcc: error: unrecognized command line option '-V'
gcc: fatal error: no input files
compilation terminated.
configure:3969: $? = 4
configure:3958: gcc -qversion >&5
gcc: error: unrecognized command line option '-qversion'
gcc: fatal error: no input files
compilation terminated.
configure:3969: $? = 4
configure:3973: checking whether we are using the GNU C compiler
configure:3992: gcc -c   conftest.c >&5
configure:3992: $? = 0
configure:4001: result: yes
configure:4010: checking whether gcc accepts -g
configure:4030: gcc -c -g  conftest.c >&5
configure:4030: $? = 0
configure:4071: result: yes
configure:4088: checking for gcc option to accept ISO C89
configure:4151: gcc  -c -g -O2  conftest.c >&5
configure:4151: $? = 0
configure:4164: result: none needed
configure:4186: checking dependency style of gcc
configure:4277: result: gcc3
configure:4298: checking how to run the C preprocessor
configure:4329: gcc -E  conftest.c
configure:4329: $? = 0
configure:4343: gcc -E  conftest.c
conftest.c:11:28: fatal error: ac_nonexistent.h: No such file or directory
 #include <ac_nonexistent.h>
                            ^
compilation terminated.
configure:4343: $? = 1
configure: failed program was:
| /* confdefs.h */
| #define PACKAGE_NAME "autodock"
| #define PACKAGE_TARNAME "autodock"
| #define PACKAGE_VERSION "4.0.1"
| #define PACKAGE_STRING "autodock 4.0.1"
| #define PACKAGE_BUGREPORT "autodock@scripps.edu"
| #define PACKAGE_URL ""
| #define PACKAGE "autodock"
| #define VERSION "4.0.1"
| /* end confdefs.h.  */
| #include <ac_nonexistent.h>
configure:4368: result: gcc -E
configure:4388: gcc -E  conftest.c
configure:4388: $? = 0
configure:4402: gcc -E  conftest.c
conftest.c:11:28: fatal error: ac_nonexistent.h: No such file or directory
 #include <ac_nonexistent.h>
                            ^
compilation terminated.
configure:4402: $? = 1
configure: failed program was:
| /* confdefs.h */
| #define PACKAGE_NAME "autodock"
| #define PACKAGE_TARNAME "autodock"
| #define PACKAGE_VERSION "4.0.1"
| #define PACKAGE_STRING "autodock 4.0.1"
| #define PACKAGE_BUGREPORT "autodock@scripps.edu"
| #define PACKAGE_URL ""
| #define PACKAGE "autodock"
| #define VERSION "4.0.1"
| /* end confdefs.h.  */
| #include <ac_nonexistent.h>
configure:4431: checking for grep that handles long lines and -e
configure:4489: result: /bin/grep
configure:4494: checking for egrep
configure:4556: result: /bin/grep -E
configure:4561: checking for ANSI C header files
configure:4581: gcc -c -g -O2  conftest.c >&5
configure:4581: $? = 0
configure:4654: gcc -o conftest -g -O2   conftest.c  >&5
configure:4654: $? = 0
configure:4654: ./conftest
configure:4654: $? = 0
configure:4665: result: yes
configure:4681: checking for sys/types.h
configure:4681: gcc -c -g -O2  conftest.c >&5
configure:4681: $? = 0
configure:4681: result: yes
configure:4681: checking for sys/stat.h
configure:4681: gcc -c -g -O2  conftest.c >&5
configure:4681: $? = 0
configure:4681: result: yes
configure:4681: checking for stdlib.h
configure:4681: gcc -c -g -O2  conftest.c >&5
configure:4681: $? = 0
configure:4681: result: yes
configure:4681: checking for string.h
configure:4681: gcc -c -g -O2  conftest.c >&5
configure:4681: $? = 0
configure:4681: result: yes
configure:4681: checking for memory.h
configure:4681: gcc -c -g -O2  conftest.c >&5
configure:4681: $? = 0
configure:4681: result: yes
configure:4681: checking for strings.h
configure:4681: gcc -c -g -O2  conftest.c >&5
configure:4681: $? = 0
configure:4681: result: yes
configure:4681: checking for inttypes.h
configure:4681: gcc -c -g -O2  conftest.c >&5
configure:4681: $? = 0
configure:4681: result: yes
configure:4681: checking for stdint.h
configure:4681: gcc -c -g -O2  conftest.c >&5
configure:4681: $? = 0
configure:4681: result: yes
configure:4681: checking for unistd.h
configure:4681: gcc -c -g -O2  conftest.c >&5
configure:4681: $? = 0
configure:4681: result: yes
configure:4693: checking for stdbool.h that conforms to C99
configure:4760: gcc -c -g -O2  conftest.c >&5
configure:4760: $? = 0
configure:4767: result: yes
configure:4769: checking for _Bool
configure:4769: gcc -c -g -O2  conftest.c >&5
configure:4769: $? = 0
configure:4769: gcc -c -g -O2  conftest.c >&5
conftest.c: In function 'main':
conftest.c:57:20: error: expected expression before ')' token
 if (sizeof ((_Bool)))
                    ^
configure:4769: $? = 1
configure: failed program was:
| /* confdefs.h */
| #define PACKAGE_NAME "autodock"
| #define PACKAGE_TARNAME "autodock"
| #define PACKAGE_VERSION "4.0.1"
| #define PACKAGE_STRING "autodock 4.0.1"
| #define PACKAGE_BUGREPORT "autodock@scripps.edu"
| #define PACKAGE_URL ""
| #define PACKAGE "autodock"
| #define VERSION "4.0.1"
| #define STDC_HEADERS 1
| #define HAVE_SYS_TYPES_H 1
| #define HAVE_SYS_STAT_H 1
| #define HAVE_STDLIB_H 1
| #define HAVE_STRING_H 1
| #define HAVE_MEMORY_H 1
| #define HAVE_STRINGS_H 1
| #define HAVE_INTTYPES_H 1
| #define HAVE_STDINT_H 1
| #define HAVE_UNISTD_H 1
| /* end confdefs.h.  */
| #include <stdio.h>
| #ifdef HAVE_SYS_TYPES_H
| # include <sys/types.h>
| #endif
| #ifdef HAVE_SYS_STAT_H
| # include <sys/stat.h>
| #endif
| #ifdef STDC_HEADERS
| # include <stdlib.h>
| # include <stddef.h>
| #else
| # ifdef HAVE_STDLIB_H
| #  include <stdlib.h>
| # endif
| #endif
| #ifdef HAVE_STRING_H
| # if !defined STDC_HEADERS && defined HAVE_MEMORY_H
| #  include <memory.h>
| # endif
| # include <string.h>
| #endif
| #ifdef HAVE_STRINGS_H
| # include <strings.h>
| #endif
| #ifdef HAVE_INTTYPES_H
| # include <inttypes.h>
| #endif
| #ifdef HAVE_STDINT_H
| # include <stdint.h>
| #endif
| #ifdef HAVE_UNISTD_H
| # include <unistd.h>
| #endif
| int
| main ()
| {
| if (sizeof ((_Bool)))
| 	    return 0;
|   ;
|   return 0;
| }
configure:4769: result: yes
configure:4786: checking for an ANSI C-conforming const
configure:4852: gcc -c -g -O2  conftest.c >&5
configure:4852: $? = 0
configure:4859: result: yes
configure:4867: checking for inline
configure:4883: gcc -c -g -O2  conftest.c >&5
configure:4883: $? = 0
configure:4891: result: inline
configure:4909: checking for size_t
configure:4909: gcc -c -g -O2  conftest.c >&5
configure:4909: $? = 0
configure:4909: gcc -c -g -O2  conftest.c >&5
conftest.c: In function 'main':
conftest.c:59:21: error: expected expression before ')' token
 if (sizeof ((size_t)))
                     ^
configure:4909: $? = 1
configure: failed program was:
| /* confdefs.h */
| #define PACKAGE_NAME "autodock"
| #define PACKAGE_TARNAME "autodock"
| #define PACKAGE_VERSION "4.0.1"
| #define PACKAGE_STRING "autodock 4.0.1"
| #define PACKAGE_BUGREPORT "autodock@scripps.edu"
| #define PACKAGE_URL ""
| #define PACKAGE "autodock"
| #define VERSION "4.0.1"
| #define STDC_HEADERS 1
| #define HAVE_SYS_TYPES_H 1
| #define HAVE_SYS_STAT_H 1
| #define HAVE_STDLIB_H 1
| #define HAVE_STRING_H 1
| #define HAVE_MEMORY_H 1
| #define HAVE_STRINGS_H 1
| #define HAVE_INTTYPES_H 1
| #define HAVE_STDINT_H 1
| #define HAVE_UNISTD_H 1
| #define HAVE__BOOL 1
| #define HAVE_STDBOOL_H 1
| /* end confdefs.h.  */
| #include <stdio.h>
| #ifdef HAVE_SYS_TYPES_H
| # include <sys/types.h>
| #endif
| #ifdef HAVE_SYS_STAT_H
| # include <sys/stat.h>
| #endif
| #ifdef STDC_HEADERS
| # include <stdlib.h>
| # include <stddef.h>
| #else
| # ifdef HAVE_STDLIB_H
| #  include <stdlib.h>
| # endif
| #endif
| #ifdef HAVE_STRING_H
| # if !defined STDC_HEADERS && defined HAVE_MEMORY_H
| #  include <memory.h>
| # endif
| # include <string.h>
| #endif
| #ifdef HAVE_STRINGS_H
| # include <strings.h>
| #endif
| #ifdef HAVE_INTTYPES_H
| # include <inttypes.h>
| #endif
| #ifdef HAVE_STDINT_H
| # include <stdint.h>
| #endif
| #ifdef HAVE_UNISTD_H
| # include <unistd.h>
| #endif
| int
| main ()
| {
| if (sizeof ((size_t)))
| 	    return 0;
|   ;
|   return 0;
| }
configure:4909: result: yes
configure:4920: checking whether struct tm is in sys/time.h or time.h
configure:4940: gcc -c -g -O2  conftest.c >&5
configure:4940: $? = 0
configure:4947: result: time.h
configure:4959: checking for stdlib.h
configure:4959: result: yes
configure:4969: checking for GNU libc compatible malloc
configure:4993: gcc -o conftest -g -O2   conftest.c  >&5
configure:4993: $? = 0
configure:4993: ./conftest
configure:4993: $? = 0
configure:5003: result: yes
configure:5027: checking for gethostname
configure:5027: gcc -o conftest -g -O2   conftest.c  >&5
configure:5027: $? = 0
configure:5027: result: yes
configure:5027: checking for pow
configure:5027: gcc -o conftest -g -O2   conftest.c  >&5
conftest.c:49:6: warning: conflicting types for built-in function 'pow' [enabled by default]
 char pow ();
      ^
/tmp/ccqoYRil.o: In function `main':
/u/reb/Documents/CS410/TermProject/AutoDockCuda/gpuautodock/src/autodock-4.0.1/conftest.c:60: undefined reference to `pow'
collect2: error: ld returned 1 exit status
configure:5027: $? = 1
configure: failed program was:
| /* confdefs.h */
| #define PACKAGE_NAME "autodock"
| #define PACKAGE_TARNAME "autodock"
| #define PACKAGE_VERSION "4.0.1"
| #define PACKAGE_STRING "autodock 4.0.1"
| #define PACKAGE_BUGREPORT "autodock@scripps.edu"
| #define PACKAGE_URL ""
| #define PACKAGE "autodock"
| #define VERSION "4.0.1"
| #define STDC_HEADERS 1
| #define HAVE_SYS_TYPES_H 1
| #define HAVE_SYS_STAT_H 1
| #define HAVE_STDLIB_H 1
| #define HAVE_STRING_H 1
| #define HAVE_MEMORY_H 1
| #define HAVE_STRINGS_H 1
| #define HAVE_INTTYPES_H 1
| #define HAVE_STDINT_H 1
| #define HAVE_UNISTD_H 1
| #define HAVE__BOOL 1
| #define HAVE_STDBOOL_H 1
| #define HAVE_STDLIB_H 1
| #define HAVE_MALLOC 1
| #define HAVE_GETHOSTNAME 1
| /* end confdefs.h.  */
| /* Define pow to an innocuous variant, in case <limits.h> declares pow.
|    For example, HP-UX 11i <limits.h> declares gettimeofday.  */
| #define pow innocuous_pow
| 
| /* System header to define __stub macros and hopefully few prototypes,
|     which can conflict with char pow (); below.
|     Prefer <limits.h> to <assert.h> if __STDC__ is defined, since
|     <limits.h> exists even on freestanding compilers.  */
| 
| #ifdef __STDC__
| # include <limits.h>
| #else
| # include <assert.h>
| #endif
| 
| #undef pow
| 
| /* Override any GCC internal prototype to avoid an error.
|    Use char because int might match the return type of a GCC
|    builtin and then its argument prototype would still apply.  */
| #ifdef __cplusplus
| extern "C"
| #endif
| char pow ();
| /* The GNU C library defines this for functions which it implements
|     to always fail with ENOSYS.  Some functions are actually named
|     something starting with __ and the normal name is an alias.  */
| #if defined __stub_pow || defined __stub___pow
| choke me
| #endif
| 
| int
| main ()
| {
| return pow ();
|   ;
|   return 0;
| }
configure:5027: result: no
configure:5027: checking for sqrt
configure:5027: gcc -o conftest -g -O2   conftest.c  >&5
conftest.c:49:6: warning: conflicting types for built-in function 'sqrt' [enabled by default]
 char sqrt ();
      ^
/tmp/ccL0Hpyo.o: In function `main':
/u/reb/Documents/CS410/TermProject/AutoDockCuda/gpuautodock/src/autodock-4.0.1/conftest.c:60: undefined reference to `sqrt'
collect2: error: ld returned 1 exit status
configure:5027: $? = 1
configure: failed program was:
| /* confdefs.h */
| #define PACKAGE_NAME "autodock"
| #define PACKAGE_TARNAME "autodock"
| #define PACKAGE_VERSION "4.0.1"
| #define PACKAGE_STRING "autodock 4.0.1"
| #define PACKAGE_BUGREPORT "autodock@scripps.edu"
| #define PACKAGE_URL ""
| #define PACKAGE "autodock"
| #define VERSION "4.0.1"
| #define STDC_HEADERS 1
| #define HAVE_SYS_TYPES_H 1
| #define HAVE_SYS_STAT_H 1
| #define HAVE_STDLIB_H 1
| #define HAVE_STRING_H 1
| #define HAVE_MEMORY_H 1
| #define HAVE_STRINGS_H 1
| #define HAVE_INTTYPES_H 1
| #define HAVE_STDINT_H 1
| #define HAVE_UNISTD_H 1
| #define HAVE__BOOL 1
| #define HAVE_STDBOOL_H 1
| #define HAVE_STDLIB_H 1
| #define HAVE_MALLOC 1
| #define HAVE_GETHOSTNAME 1
| /* end confdefs.h.  */
| /* Define sqrt to an innocuous variant, in case <limits.h> declares sqrt.
|    For example, HP-UX 11i <limits.h> declares gettimeofday.  */
| #define sqrt innocuous_sqrt
| 
| /* System header to define __stub macros and hopefully few prototypes,
|     which can conflict with char sqrt (); below.
|     Prefer <limits.h> to <assert.h> if __STDC__ is defined, since
|     <limits.h> exists even on freestanding compilers.  */
| 
| #ifdef __STDC__
| # include <limits.h>
| #else
| # include <assert.h>
| #endif
| 
| #undef sqrt
| 
| /* Override any GCC internal prototype to avoid an error.
|    Use char because int might match the return type of a GCC
|    builtin and then its argument prototype would still apply.  */
| #ifdef __cplusplus
| extern "C"
| #endif
| char sqrt ();
| /* The GNU C library defines this for functions which it implements
|     to always fail with ENOSYS.  Some functions are actually named
|     something starting with __ and the normal name is an alias.  */
| #if defined __stub_sqrt || defined __stub___sqrt
| choke me
| #endif
| 
| int
| main ()
| {
| return sqrt ();
|   ;
|   return 0;
| }
configure:5027: result: no
configure:5027: checking for strncasecmp
configure:5027: gcc -o conftest -g -O2   conftest.c  >&5
conftest.c:49:6: warning: conflicting types for built-in function 'strncasecmp' [enabled by default]
 char strncasecmp ();
      ^
configure:5027: $? = 0
configure:5027: result: yes
configure:5124: checking cuda_runtime.h usability
configure:5124: gcc -c -g -O2  -I/pkgs/nvidia-cuda/5.5/include -I/common/inc  -L/pkgs/nvidia-cuda/5.5/bin -L/pkgs/nvidia-cuda/5.5/lib64 -L/lib -L/common/lib/linux conftest.c >&5
configure:5124: $? = 0
configure:5124: result: yes
configure:5124: checking cuda_runtime.h presence
configure:5124: gcc -E  -I/pkgs/nvidia-cuda/5.5/include -I/common/inc  -L/pkgs/nvidia-cuda/5.5/bin -L/pkgs/nvidia-cuda/5.5/lib64 -L/lib -L/common/lib/linux conftest.c
configure:5124: $? = 0
configure:5124: result: yes
configure:5124: checking for cuda_runtime.h
configure:5124: result: yes
configure:5136: checking cuda.h usability
configure:5136: gcc -c -g -O2  -I/pkgs/nvidia-cuda/5.5/include -I/common/inc  -L/pkgs/nvidia-cuda/5.5/bin -L/pkgs/nvidia-cuda/5.5/lib64 -L/lib -L/common/lib/linux conftest.c >&5
configure:5136: $? = 0
configure:5136: result: yes
configure:5136: checking cuda.h presence
configure:5136: gcc -E  -I/pkgs/nvidia-cuda/5.5/include -I/common/inc  -L/pkgs/nvidia-cuda/5.5/bin -L/pkgs/nvidia-cuda/5.5/lib64 -L/lib -L/common/lib/linux conftest.c
configure:5136: $? = 0
configure:5136: result: yes
configure:5136: checking for cuda.h
configure:5136: result: yes
configure:5358: creating ./config.status

## ---------------------- ##
## Running config.status. ##
## ---------------------- ##

This file was extended by autodock config.status 4.0.1, which was
generated by GNU Autoconf 2.69.  Invocation command line was

  CONFIG_FILES    = 
  CONFIG_HEADERS  = 
  CONFIG_LINKS    = 
  CONFIG_COMMANDS = 
  $ ./config.status 

on erect-crested

config.status:795: creating Makefile
config.status:967: executing depfiles commands

## ---------------- ##
## Cache variables. ##
## ---------------- ##

ac_cv_build=x86_64-unknown-linux-gnu
ac_cv_c_compiler_gnu=yes
ac_cv_c_const=yes
ac_cv_c_inline=inline
ac_cv_cxx_compiler_gnu=yes
ac_cv_env_CCC_set=
ac_cv_env_CCC_value=
ac_cv_env_CC_set=
ac_cv_env_CC_value=
ac_cv_env_CFLAGS_set=
ac_cv_env_CFLAGS_value=
ac_cv_env_CPPFLAGS_set=
ac_cv_env_CPPFLAGS_value=
ac_cv_env_CPP_set=
ac_cv_env_CPP_value=
ac_cv_env_CXXFLAGS_set=
ac_cv_env_CXXFLAGS_value=
ac_cv_env_CXX_set=
ac_cv_env_CXX_value=
ac_cv_env_LDFLAGS_set=
ac_cv_env_LDFLAGS_value=
ac_cv_env_LIBS_set=
ac_cv_env_LIBS_value=
ac_cv_env_build_alias_set=
ac_cv_env_build_alias_value=
ac_cv_env_host_alias_set=
ac_cv_env_host_alias_value=
ac_cv_env_target_alias_set=
ac_cv_env_target_alias_value=
ac_cv_func_gethostname=yes
ac_cv_func_malloc_0_nonnull=yes
ac_cv_func_pow=no
ac_cv_func_sqrt=no
ac_cv_func_strncasecmp=yes
ac_cv_header_cuda_h=yes
ac_cv_header_cuda_runtime_h=yes
ac_cv_header_inttypes_h=yes
ac_cv_header_memory_h=yes
ac_cv_header_stdbool_h=yes
ac_cv_header_stdc=yes
ac_cv_header_stdint_h=yes
ac_cv_header_stdlib_h=yes
ac_cv_header_string_h=yes
ac_cv_header_strings_h=yes
ac_cv_header_sys_stat_h=yes
ac_cv_header_sys_types_h=yes
ac_cv_header_unistd_h=yes
ac_cv_host=x86_64-unknown-linux-gnu
ac_cv_objext=o
ac_cv_path_EGREP='/bin/grep -E'
ac_cv_path_GREP=/bin/grep
ac_cv_path_install='/usr/bin/install -c'
ac_cv_path_mkdir=/bin/mkdir
ac_cv_prog_AWK=gawk
ac_cv_prog_CPP='gcc -E'
ac_cv_prog_ac_ct_CC=gcc
ac_cv_prog_ac_ct_CXX=g++
ac_cv_prog_ac_ct_RANLIB=ranlib
ac_cv_prog_cc_c89=
ac_cv_prog_cc_g=yes
ac_cv_prog_cxx_g=yes
ac_cv_prog_make_make_set=yes
ac_cv_struct_tm=time.h
ac_cv_type__Bool=yes
ac_cv_type_size_t=yes
am_cv_CC_dependencies_compiler_type=gcc3
am_cv_CXX_dependencies_compiler_type=gcc3

## ----------------- ##
## Output variables. ##
## ----------------- ##

ACLOCAL='${SHELL} /u/reb/Documents/CS410/TermProject/AutoDockCuda/gpuautodock/src/autodock-4.0.1/missing --run aclocal-1.10'
AMDEPBACKSLASH='\'
AMDEP_FALSE='#'
AMDEP_TRUE=''
AMTAR='${SHELL} /u/reb/Documents/CS410/TermProject/AutoDockCuda/gpuautodock/src/autodock-4.0.1/missing --run tar'
AUTOCONF='${SHELL} /u/reb/Documents/CS410/TermProject/AutoDockCuda/gpuautodock/src/autodock-4.0.1/missing --run autoconf'
AUTOHEADER='${SHELL} /u/reb/Documents/CS410/TermProject/AutoDockCuda/gpuautodock/src/autodock-4.0.1/missing --run autoheader'
AUTOMAKE='${SHELL} /u/reb/Documents/CS410/TermProject/AutoDockCuda/gpuautodock/src/autodock-4.0.1/missing --run automake-1.10'
AWK='gawk'
CC='gcc'
CCDEPMODE='depmode=gcc3'
CFLAGS='-g -O2'
CPP='gcc -E'
CPPFLAGS=' -I/pkgs/nvidia-cuda/5.5/include -I/common/inc  -L/pkgs/nvidia-cuda/5.5/bin -L/pkgs/nvidia-cuda/5.5/lib64 -L/lib -L/common/lib/linux'
CUDASDK=''
CUDA_ARGS=' -lcuda -lcudart'
CUDA_CFLAGS='-I/pkgs/nvidia-cuda/5.5/include -I/common/inc'
CUDA_LIBS=' -L/pkgs/nvidia-cuda/5.5/bin -L/pkgs/nvidia-cuda/5.5/lib64 -L/lib -L/common/lib/linux'
CXX='g++'
CXXDEPMODE='depmode=gcc3'
CXXFLAGS=' -I/pkgs/nvidia-cuda/5.5/include -I/common/inc  -L/pkgs/nvidia-cuda/5.5/bin -L/pkgs/nvidia-cuda/5.5/lib64 -L/lib -L/common/lib/linux '
CYGPATH_W='echo'
DEFS='-DPACKAGE_NAME=\"autodock\" -DPACKAGE_TARNAME=\"autodock\" -DPACKAGE_VERSION=\"4.0.1\" -DPACKAGE_STRING=\"autodock\ 4.0.1\" -DPACKAGE_BUGREPORT=\"autodock@scripps.edu\" -DPACKAGE_URL=\"\" -DPACKAGE=\"autodock\" -DVERSION=\"4.0.1\" -DSTDC_HEADERS=1 -DHAVE_SYS_TYPES_H=1 -DHAVE_SYS_STAT_H=1 -DHAVE_STDLIB_H=1 -DHAVE_STRING_H=1 -DHAVE_MEMORY_H=1 -DHAVE_STRINGS_H=1 -DHAVE_INTTYPES_H=1 -DHAVE_STDINT_H=1 -DHAVE_UNISTD_H=1 -DHAVE__BOOL=1 -DHAVE_STDBOOL_H=1 -DHAVE_STDLIB_H=1 -DHAVE_MALLOC=1 -DHAVE_GETHOSTNAME=1 -DHAVE_STRNCASECMP=1 -DCUDA_READY=1 -DHAVE_CUDA_RUNTIME_H=1 -DHAVE_CUDA_H=1'
DEPDIR='.deps'
ECHO_C=''
ECHO_N='-n'
ECHO_T=''
EGREP='/bin/grep -E'
EXEEXT=''
GREP='/bin/grep'
INSTALL_DATA='${INSTALL} -m 644'
INSTALL_PROGRAM='${INSTALL}'
INSTALL_SCRIPT='${INSTALL}'
INSTALL_STRIP_PROGRAM='$(install_sh) -c -s'
LDFLAGS=''
LIBOBJS=''
LIBS=''
LTLIBOBJS=''
MAKEINFO='${SHELL} /u/reb/Documents/CS410/TermProject/AutoDockCuda/gpuautodock/src/autodock-4.0.1/missing --run makeinfo'
MKDIR_P='/bin/mkdir -p'
NVCC='/pkgs/nvidia-cuda/5.5/bin/nvcc'
NVCCFLAGS='-D_DEBUG -g -use_fast_math -I. -I/common/inc -DCUDA_READY'
OBJEXT='o'
PACKAGE='autodock'
PACKAGE_BUGREPORT='autodock@scripps.edu'
PACKAGE_NAME='autodock'
PACKAGE_STRING='autodock 4.0.1'
PACKAGE_TARNAME='autodock'
PACKAGE_URL=''
PACKAGE_VERSION='4.0.1'
PATH_SEPARATOR=':'
RANLIB='ranlib'
SET_MAKE=''
SHELL='/bin/bash'
STRIP=''
VERSION='4.0.1'
WANT_BIGSTACK_FALSE=''
WANT_BIGSTACK_TRUE='#'
WANT_CUDA_FALSE='#'
WANT_CUDA_TRUE=''
ac_ct_CC='gcc'
ac_ct_CXX='g++'
am__fastdepCC_FALSE='#'
am__fastdepCC_TRUE=''
am__fastdepCXX_FALSE='#'
am__fastdepCXX_TRUE=''
am__include='include'
am__isrc=''
am__leading_dot='.'
am__quote=''
am__tar='${AMTAR} chof - "$$tardir"'
am__untar='${AMTAR} xf -'
bindir='${exec_prefix}/bin'
build='x86_64-unknown-linux-gnu'
build_alias=''
build_cpu='x86_64'
build_os='linux-gnu'
build_vendor='unknown'
datadir='${datarootdir}'
datarootdir='${prefix}/share'
docdir='${datarootdir}/doc/${PACKAGE_TARNAME}'
dvidir='${docdir}'
exec_prefix='${prefix}'
host='x86_64-unknown-linux-gnu'
host_alias=''
host_cpu='x86_64'
host_os='linux-gnu'
host_vendor='unknown'
htmldir='${docdir}'
includedir='${prefix}/include'
infodir='${datarootdir}/info'
install_sh='$(SHELL) /u/reb/Documents/CS410/TermProject/AutoDockCuda/gpuautodock/src/autodock-4.0.1/install-sh'
libdir='${exec_prefix}/lib'
libexecdir='${exec_prefix}/libexec'
localedir='${datarootdir}/locale'
localstatedir='${prefix}/var'
mandir='${datarootdir}/man'
mkdir_p='/bin/mkdir -p'
oldincludedir='/usr/include'
pdfdir='${docdir}'
prefix='/usr/local'
program_transform_name='s,x,x,'
psdir='${docdir}'
sbindir='${exec_prefix}/sbin'
sharedstatedir='${prefix}/com'
sysconfdir='${prefix}/etc'
target_alias=''

## ----------- ##
## confdefs.h. ##
## ----------- ##

/* confdefs.h */
#define PACKAGE_NAME "autodock"
#define PACKAGE_TARNAME "autodock"
#define PACKAGE_VERSION "4.0.1"
#define PACKAGE_STRING "autodock 4.0.1"
#define PACKAGE_BUGREPORT "autodock@scripps.edu"
#define PACKAGE_URL ""
#define PACKAGE "autodock"
#define VERSION "4.0.1"
#define STDC_HEADERS 1
#define HAVE_SYS_TYPES_H 1
#define HAVE_SYS_STAT_H 1
#define HAVE_STDLIB_H 1
#define HAVE_STRING_H 1
#define HAVE_MEMORY_H 1
#define HAVE_STRINGS_H 1
#define HAVE_INTTYPES_H 1
#define HAVE_STDINT_H 1
#define HAVE_UNISTD_H 1
#define HAVE__BOOL 1
#define HAVE_STDBOOL_H 1
#define HAVE_STDLIB_H 1
#define HAVE_MALLOC 1
#define HAVE_GETHOSTNAME 1
#define HAVE_STRNCASECMP 1
#define CUDA_READY 1
#define HAVE_CUDA_RUNTIME_H 1
#define HAVE_CUDA_H 1

configure: exit 0
